<?xml version="1.0" encoding="UTF-8"?>
<!-- Generated by org.testng.reporters.JUnitReportReporter -->
<testsuite hostname="kobra" name="msee.sp3.cm.rest.client.ServiceApiTest" tests="1" failures="0" timestamp="21 Oct 2014 13:49:27 GMT" time="7.461" errors="0">
  <testcase name="createService" time="7.461" classname="msee.sp3.cm.rest.client.ServiceApiTest"/>
</testsuite> <!-- msee.sp3.cm.rest.client.ServiceApiTest -->
