<?xml version="1.0" encoding="UTF-8"?>
<!-- Generated by org.testng.reporters.JUnitReportReporter -->
<testsuite hostname="kobra" name="msee.sp3.cm.beans.UserBeanTest" tests="3" failures="0" timestamp="16 Oct 2014 14:48:21 GMT" time="17.938" errors="0">
  <testcase name="testCreateServiceProvider" time="0.125" classname="msee.sp3.cm.beans.UserBeanTest"/>
  <testcase name="testAuthenticate" time="15.965" classname="msee.sp3.cm.beans.UserBeanTest"/>
  <testcase name="testListServiceProviders" time="1.848" classname="msee.sp3.cm.beans.UserBeanTest"/>
</testsuite> <!-- msee.sp3.cm.beans.UserBeanTest -->
